{"/home/nickpayne/workspace/personal/siha/lib/app.js":{"path":"/home/nickpayne/workspace/personal/siha/lib/app.js","s":{"1":1,"2":1,"3":1,"4":1,"5":1,"6":1,"7":1,"8":0,"9":1,"10":1,"11":1,"12":1,"13":0,"14":0,"15":0,"16":1},"b":{"1":[0,1],"2":[0,1]},"f":{},"fnMap":{},"statementMap":{"1":{"start":{"line":3,"column":0},"end":{"line":3,"column":35}},"2":{"start":{"line":4,"column":0},"end":{"line":4,"column":33}},"3":{"start":{"line":6,"column":0},"end":{"line":6,"column":35}},"4":{"start":{"line":7,"column":0},"end":{"line":7,"column":29}},"5":{"start":{"line":8,"column":0},"end":{"line":8,"column":60}},"6":{"start":{"line":10,"column":0},"end":{"line":10,"column":22}},"7":{"start":{"line":11,"column":0},"end":{"line":13,"column":1}},"8":{"start":{"line":12,"column":2},"end":{"line":12,"column":49}},"9":{"start":{"line":14,"column":0},"end":{"line":14,"column":20}},"10":{"start":{"line":15,"column":0},"end":{"line":15,"column":30}},"11":{"start":{"line":16,"column":0},"end":{"line":22,"column":3}},"12":{"start":{"line":17,"column":2},"end":{"line":21,"column":3}},"13":{"start":{"line":18,"column":4},"end":{"line":18,"column":48}},"14":{"start":{"line":19,"column":4},"end":{"line":19,"column":18}},"15":{"start":{"line":20,"column":4},"end":{"line":20,"column":57}},"16":{"start":{"line":24,"column":0},"end":{"line":27,"column":2}}},"branchMap":{"1":{"line":11,"type":"if","locations":[{"start":{"line":11,"column":0},"end":{"line":11,"column":0}},{"start":{"line":11,"column":0},"end":{"line":11,"column":0}}]},"2":{"line":17,"type":"if","locations":[{"start":{"line":17,"column":2},"end":{"line":17,"column":2}},{"start":{"line":17,"column":2},"end":{"line":17,"column":2}}]}}},"/home/nickpayne/workspace/personal/siha/lib/config.js":{"path":"/home/nickpayne/workspace/personal/siha/lib/config.js","s":{"1":1},"b":{"1":[1,0],"2":[1,0],"3":[1,0]},"f":{},"fnMap":{},"statementMap":{"1":{"start":{"line":3,"column":0},"end":{"line":11,"column":2}}},"branchMap":{"1":{"line":4,"type":"binary-expr","locations":[{"start":{"line":4,"column":12},"end":{"line":4,"column":33}},{"start":{"line":4,"column":37},"end":{"line":4,"column":43}}]},"2":{"line":5,"type":"binary-expr","locations":[{"start":{"line":5,"column":8},"end":{"line":5,"column":29}},{"start":{"line":5,"column":33},"end":{"line":5,"column":37}}]},"3":{"line":6,"type":"binary-expr","locations":[{"start":{"line":6,"column":9},"end":{"line":6,"column":31}},{"start":{"line":6,"column":35},"end":{"line":6,"column":40}}]}}},"/home/nickpayne/workspace/personal/siha/lib/api.js":{"path":"/home/nickpayne/workspace/personal/siha/lib/api.js","s":{"1":1,"2":1,"3":1,"4":1},"b":{},"f":{},"fnMap":{},"statementMap":{"1":{"start":{"line":3,"column":0},"end":{"line":3,"column":33}},"2":{"start":{"line":4,"column":0},"end":{"line":4,"column":35}},"3":{"start":{"line":5,"column":0},"end":{"line":5,"column":62}},"4":{"start":{"line":7,"column":0},"end":{"line":9,"column":1}}},"branchMap":{}},"/home/nickpayne/workspace/personal/siha/lib/model.js":{"path":"/home/nickpayne/workspace/personal/siha/lib/model.js","s":{"1":1,"2":1,"3":1,"4":1,"5":1,"6":1,"7":1,"8":1,"9":1,"10":1,"11":1,"12":1,"13":1},"b":{},"f":{},"fnMap":{},"statementMap":{"1":{"start":{"line":3,"column":0},"end":{"line":3,"column":35}},"2":{"start":{"line":4,"column":0},"end":{"line":4,"column":39}},"3":{"start":{"line":5,"column":0},"end":{"line":5,"column":38}},"4":{"start":{"line":6,"column":0},"end":{"line":6,"column":35}},"5":{"start":{"line":7,"column":0},"end":{"line":7,"column":62}},"6":{"start":{"line":9,"column":0},"end":{"line":23,"column":2}},"7":{"start":{"line":25,"column":0},"end":{"line":35,"column":2}},"8":{"start":{"line":37,"column":0},"end":{"line":46,"column":2}},"9":{"start":{"line":48,"column":0},"end":{"line":57,"column":2}},"10":{"start":{"line":59,"column":0},"end":{"line":69,"column":2}},"11":{"start":{"line":71,"column":0},"end":{"line":80,"column":2}},"12":{"start":{"line":82,"column":0},"end":{"line":91,"column":2}},"13":{"start":{"line":93,"column":0},"end":{"line":93,"column":17}}},"branchMap":{}},"/home/nickpayne/workspace/personal/siha/lib/db.js":{"path":"/home/nickpayne/workspace/personal/siha/lib/db.js","s":{"1":1,"2":1,"3":1,"4":1,"5":227,"6":1,"7":66,"8":462,"9":6,"10":6,"11":0,"12":0,"13":0,"14":1},"b":{"1":[6,0],"2":[0,0]},"f":{},"fnMap":{},"statementMap":{"1":{"start":{"line":3,"column":0},"end":{"line":3,"column":39}},"2":{"start":{"line":5,"column":0},"end":{"line":5,"column":35}},"3":{"start":{"line":7,"column":0},"end":{"line":19,"column":3}},"4":{"start":{"line":21,"column":0},"end":{"line":23,"column":1}},"5":{"start":{"line":22,"column":2},"end":{"line":22,"column":30}},"6":{"start":{"line":25,"column":0},"end":{"line":41,"column":2}},"7":{"start":{"line":26,"column":2},"end":{"line":40,"column":3}},"8":{"start":{"line":27,"column":4},"end":{"line":39,"column":7}},"9":{"start":{"line":31,"column":6},"end":{"line":34,"column":7}},"10":{"start":{"line":33,"column":8},"end":{"line":33,"column":15}},"11":{"start":{"line":35,"column":6},"end":{"line":35,"column":65}},"12":{"start":{"line":36,"column":6},"end":{"line":38,"column":7}},"13":{"start":{"line":37,"column":8},"end":{"line":37,"column":27}},"14":{"start":{"line":43,"column":0},"end":{"line":47,"column":2}}},"branchMap":{"1":{"line":31,"type":"if","locations":[{"start":{"line":31,"column":6},"end":{"line":31,"column":6}},{"start":{"line":31,"column":6},"end":{"line":31,"column":6}}]},"2":{"line":36,"type":"if","locations":[{"start":{"line":36,"column":6},"end":{"line":36,"column":6}},{"start":{"line":36,"column":6},"end":{"line":36,"column":6}}]}}},"/home/nickpayne/workspace/personal/siha/lib/restify.js":{"path":"/home/nickpayne/workspace/personal/siha/lib/restify.js","s":{"1":1,"2":1,"3":1,"4":1,"5":1,"6":1,"7":1,"8":7,"9":227,"10":227,"11":227,"12":7,"13":26,"14":26,"15":0,"16":5,"17":10,"18":10,"19":10,"20":7,"21":21,"22":21,"23":7,"24":14,"25":14,"26":21,"27":21,"28":21,"29":1,"30":52,"31":90,"32":1,"33":5,"34":5,"35":5,"36":7,"37":7,"38":1,"39":7,"40":7,"41":7,"42":19,"43":5,"44":5,"45":7,"46":7,"47":0,"48":7,"49":7,"50":7,"51":0,"52":2,"53":7,"54":7,"55":7,"56":26,"57":0,"58":26,"59":26,"60":26,"61":26,"62":7,"63":383,"64":7,"65":12,"66":12,"67":46,"68":46,"69":12,"70":7,"71":1,"72":1,"73":1,"74":7,"75":26,"76":0,"77":26,"78":26,"79":26,"80":1,"81":1,"82":2},"b":{"1":[26,0],"2":[26,19],"3":[7,14],"4":[22,68],"5":[0,7],"6":[7,0],"7":[0,26],"8":[0,26]},"f":{"1":5,"2":7,"3":2,"4":7,"5":12,"6":1},"fnMap":{"1":{"name":"(anonymous_1)","line":84,"loc":{"start":{"line":84,"column":33},"end":{"line":84,"column":45}}},"2":{"name":"(anonymous_2)","line":91,"loc":{"start":{"line":91,"column":33},"end":{"line":91,"column":45}}},"3":{"name":"(anonymous_3)","line":130,"loc":{"start":{"line":130,"column":14},"end":{"line":130,"column":23}}},"4":{"name":"(anonymous_4)","line":135,"loc":{"start":{"line":135,"column":10},"end":{"line":135,"column":27}}},"5":{"name":"(anonymous_5)","line":161,"loc":{"start":{"line":161,"column":30},"end":{"line":161,"column":42}}},"6":{"name":"(anonymous_6)","line":176,"loc":{"start":{"line":176,"column":18},"end":{"line":176,"column":27}}}},"statementMap":{"1":{"start":{"line":3,"column":0},"end":{"line":3,"column":35}},"2":{"start":{"line":4,"column":0},"end":{"line":4,"column":42}},"3":{"start":{"line":5,"column":0},"end":{"line":5,"column":39}},"4":{"start":{"line":6,"column":0},"end":{"line":6,"column":24}},"5":{"start":{"line":8,"column":0},"end":{"line":8,"column":35}},"6":{"start":{"line":9,"column":0},"end":{"line":9,"column":61}},"7":{"start":{"line":11,"column":0},"end":{"line":65,"column":2}},"8":{"start":{"line":13,"column":19},"end":{"line":21,"column":3}},"9":{"start":{"line":14,"column":4},"end":{"line":20,"column":7}},"10":{"start":{"line":15,"column":6},"end":{"line":19,"column":9}},"11":{"start":{"line":16,"column":8},"end":{"line":18,"column":25}},"12":{"start":{"line":23,"column":18},"end":{"line":30,"column":3}},"13":{"start":{"line":24,"column":4},"end":{"line":29,"column":5}},"14":{"start":{"line":25,"column":6},"end":{"line":25,"column":29}},"15":{"start":{"line":27,"column":6},"end":{"line":27,"column":57}},"16":{"start":{"line":32,"column":20},"end":{"line":40,"column":3}},"17":{"start":{"line":33,"column":4},"end":{"line":39,"column":7}},"18":{"start":{"line":34,"column":6},"end":{"line":38,"column":9}},"19":{"start":{"line":35,"column":8},"end":{"line":37,"column":25}},"20":{"start":{"line":42,"column":21},"end":{"line":63,"column":3}},"21":{"start":{"line":43,"column":4},"end":{"line":43,"column":14}},"22":{"start":{"line":44,"column":4},"end":{"line":54,"column":5}},"23":{"start":{"line":46,"column":6},"end":{"line":46,"column":33}},"24":{"start":{"line":49,"column":6},"end":{"line":53,"column":8}},"25":{"start":{"line":51,"column":36},"end":{"line":51,"column":46}},"26":{"start":{"line":55,"column":4},"end":{"line":62,"column":7}},"27":{"start":{"line":56,"column":6},"end":{"line":61,"column":23}},"28":{"start":{"line":59,"column":10},"end":{"line":59,"column":29}},"29":{"start":{"line":67,"column":0},"end":{"line":69,"column":2}},"30":{"start":{"line":67,"column":49},"end":{"line":69,"column":1}},"31":{"start":{"line":68,"column":2},"end":{"line":68,"column":58}},"32":{"start":{"line":71,"column":0},"end":{"line":96,"column":1}},"33":{"start":{"line":84,"column":33},"end":{"line":86,"column":5}},"34":{"start":{"line":85,"column":6},"end":{"line":85,"column":59}},"35":{"start":{"line":87,"column":30},"end":{"line":87,"column":66}},"36":{"start":{"line":91,"column":33},"end":{"line":93,"column":5}},"37":{"start":{"line":92,"column":6},"end":{"line":92,"column":63}},"38":{"start":{"line":98,"column":0},"end":{"line":126,"column":2}},"39":{"start":{"line":100,"column":19},"end":{"line":102,"column":3}},"40":{"start":{"line":101,"column":4},"end":{"line":101,"column":60}},"41":{"start":{"line":104,"column":18},"end":{"line":106,"column":3}},"42":{"start":{"line":105,"column":4},"end":{"line":105,"column":60}},"43":{"start":{"line":108,"column":20},"end":{"line":110,"column":3}},"44":{"start":{"line":109,"column":4},"end":{"line":109,"column":76}},"45":{"start":{"line":112,"column":21},"end":{"line":124,"column":3}},"46":{"start":{"line":113,"column":4},"end":{"line":123,"column":5}},"47":{"start":{"line":114,"column":6},"end":{"line":114,"column":56}},"48":{"start":{"line":117,"column":6},"end":{"line":122,"column":7}},"49":{"start":{"line":118,"column":8},"end":{"line":118,"column":45}},"50":{"start":{"line":119,"column":8},"end":{"line":119,"column":61}},"51":{"start":{"line":121,"column":8},"end":{"line":121,"column":105}},"52":{"start":{"line":131,"column":4},"end":{"line":131,"column":25}},"53":{"start":{"line":137,"column":4},"end":{"line":141,"column":6}},"54":{"start":{"line":143,"column":4},"end":{"line":145,"column":6}},"55":{"start":{"line":148,"column":4},"end":{"line":157,"column":5}},"56":{"start":{"line":149,"column":6},"end":{"line":151,"column":7}},"57":{"start":{"line":150,"column":8},"end":{"line":150,"column":78}},"58":{"start":{"line":152,"column":6},"end":{"line":152,"column":54}},"59":{"start":{"line":153,"column":6},"end":{"line":153,"column":47}},"60":{"start":{"line":154,"column":6},"end":{"line":154,"column":81}},"61":{"start":{"line":156,"column":6},"end":{"line":156,"column":89}},"62":{"start":{"line":158,"column":4},"end":{"line":158,"column":37}},"63":{"start":{"line":158,"column":26},"end":{"line":158,"column":36}},"64":{"start":{"line":161,"column":4},"end":{"line":170,"column":5}},"65":{"start":{"line":162,"column":6},"end":{"line":164,"column":8}},"66":{"start":{"line":165,"column":6},"end":{"line":168,"column":7}},"67":{"start":{"line":166,"column":8},"end":{"line":166,"column":57}},"68":{"start":{"line":167,"column":8},"end":{"line":167,"column":57}},"69":{"start":{"line":169,"column":6},"end":{"line":169,"column":24}},"70":{"start":{"line":172,"column":4},"end":{"line":172,"column":17}},"71":{"start":{"line":177,"column":4},"end":{"line":177,"column":36}},"72":{"start":{"line":178,"column":4},"end":{"line":178,"column":34}},"73":{"start":{"line":179,"column":4},"end":{"line":188,"column":5}},"74":{"start":{"line":180,"column":6},"end":{"line":187,"column":7}},"75":{"start":{"line":181,"column":8},"end":{"line":183,"column":9}},"76":{"start":{"line":182,"column":10},"end":{"line":182,"column":94}},"77":{"start":{"line":184,"column":8},"end":{"line":184,"column":53}},"78":{"start":{"line":185,"column":8},"end":{"line":185,"column":51}},"79":{"start":{"line":186,"column":8},"end":{"line":186,"column":38}},"80":{"start":{"line":189,"column":4},"end":{"line":189,"column":18}},"81":{"start":{"line":194,"column":0},"end":{"line":197,"column":2}},"82":{"start":{"line":196,"column":22},"end":{"line":196,"column":43}}},"branchMap":{"1":{"line":24,"type":"if","locations":[{"start":{"line":24,"column":4},"end":{"line":24,"column":4}},{"start":{"line":24,"column":4},"end":{"line":24,"column":4}}]},"2":{"line":24,"type":"binary-expr","locations":[{"start":{"line":24,"column":8},"end":{"line":24,"column":27}},{"start":{"line":24,"column":31},"end":{"line":24,"column":62}}]},"3":{"line":44,"type":"if","locations":[{"start":{"line":44,"column":4},"end":{"line":44,"column":4}},{"start":{"line":44,"column":4},"end":{"line":44,"column":4}}]},"4":{"line":68,"type":"cond-expr","locations":[{"start":{"line":68,"column":41},"end":{"line":68,"column":52}},{"start":{"line":68,"column":55},"end":{"line":68,"column":57}}]},"5":{"line":113,"type":"if","locations":[{"start":{"line":113,"column":4},"end":{"line":113,"column":4}},{"start":{"line":113,"column":4},"end":{"line":113,"column":4}}]},"6":{"line":117,"type":"if","locations":[{"start":{"line":117,"column":6},"end":{"line":117,"column":6}},{"start":{"line":117,"column":6},"end":{"line":117,"column":6}}]},"7":{"line":149,"type":"if","locations":[{"start":{"line":149,"column":6},"end":{"line":149,"column":6}},{"start":{"line":149,"column":6},"end":{"line":149,"column":6}}]},"8":{"line":181,"type":"if","locations":[{"start":{"line":181,"column":8},"end":{"line":181,"column":8}},{"start":{"line":181,"column":8},"end":{"line":181,"column":8}}]}}},"/home/nickpayne/workspace/personal/siha/lib/express-utils.js":{"path":"/home/nickpayne/workspace/personal/siha/lib/express-utils.js","s":{"1":1,"2":1,"3":1,"4":0,"5":0,"6":0,"7":0,"8":1,"9":0,"10":0,"11":0,"12":0,"13":0,"14":0,"15":0,"16":1,"17":0,"18":0,"19":0,"20":0,"21":0,"22":1,"23":38,"24":38},"b":{"1":[0,0],"2":[0,0],"3":[0,0],"4":[0,0],"5":[0,0],"6":[0,0],"7":[0,0],"8":[0,0]},"f":{},"fnMap":{},"statementMap":{"1":{"start":{"line":3,"column":0},"end":{"line":3,"column":35}},"2":{"start":{"line":4,"column":0},"end":{"line":4,"column":52}},"3":{"start":{"line":7,"column":0},"end":{"line":13,"column":1}},"4":{"start":{"line":8,"column":2},"end":{"line":12,"column":3}},"5":{"start":{"line":9,"column":4},"end":{"line":9,"column":57}},"6":{"start":{"line":10,"column":9},"end":{"line":12,"column":3}},"7":{"start":{"line":11,"column":4},"end":{"line":11,"column":55}},"8":{"start":{"line":16,"column":0},"end":{"line":28,"column":2}},"9":{"start":{"line":17,"column":2},"end":{"line":19,"column":3}},"10":{"start":{"line":18,"column":4},"end":{"line":18,"column":21}},"11":{"start":{"line":20,"column":2},"end":{"line":20,"column":85}},"12":{"start":{"line":21,"column":2},"end":{"line":23,"column":3}},"13":{"start":{"line":22,"column":4},"end":{"line":22,"column":32}},"14":{"start":{"line":24,"column":2},"end":{"line":24,"column":21}},"15":{"start":{"line":25,"column":2},"end":{"line":27,"column":5}},"16":{"start":{"line":31,"column":0},"end":{"line":40,"column":1}},"17":{"start":{"line":32,"column":2},"end":{"line":32,"column":83}},"18":{"start":{"line":33,"column":2},"end":{"line":35,"column":3}},"19":{"start":{"line":34,"column":4},"end":{"line":34,"column":32}},"20":{"start":{"line":36,"column":2},"end":{"line":36,"column":21}},"21":{"start":{"line":37,"column":2},"end":{"line":39,"column":5}},"22":{"start":{"line":43,"column":0},"end":{"line":49,"column":2}},"23":{"start":{"line":44,"column":2},"end":{"line":48,"column":17}},"24":{"start":{"line":46,"column":6},"end":{"line":46,"column":23}}},"branchMap":{"1":{"line":8,"type":"if","locations":[{"start":{"line":8,"column":2},"end":{"line":8,"column":2}},{"start":{"line":8,"column":2},"end":{"line":8,"column":2}}]},"2":{"line":8,"type":"binary-expr","locations":[{"start":{"line":8,"column":6},"end":{"line":8,"column":26}},{"start":{"line":8,"column":30},"end":{"line":8,"column":53}}]},"3":{"line":10,"type":"if","locations":[{"start":{"line":10,"column":9},"end":{"line":10,"column":9}},{"start":{"line":10,"column":9},"end":{"line":10,"column":9}}]},"4":{"line":10,"type":"binary-expr","locations":[{"start":{"line":10,"column":13},"end":{"line":10,"column":34}},{"start":{"line":10,"column":38},"end":{"line":10,"column":60}}]},"5":{"line":17,"type":"if","locations":[{"start":{"line":17,"column":2},"end":{"line":17,"column":2}},{"start":{"line":17,"column":2},"end":{"line":17,"column":2}}]},"6":{"line":21,"type":"if","locations":[{"start":{"line":21,"column":2},"end":{"line":21,"column":2}},{"start":{"line":21,"column":2},"end":{"line":21,"column":2}}]},"7":{"line":25,"type":"binary-expr","locations":[{"start":{"line":25,"column":20},"end":{"line":25,"column":30}},{"start":{"line":25,"column":34},"end":{"line":25,"column":37}}]},"8":{"line":33,"type":"if","locations":[{"start":{"line":33,"column":2},"end":{"line":33,"column":2}},{"start":{"line":33,"column":2},"end":{"line":33,"column":2}}]}}},"/home/nickpayne/workspace/personal/siha/lib/fun.js":{"path":"/home/nickpayne/workspace/personal/siha/lib/fun.js","s":{"1":1,"2":1,"3":0},"b":{},"f":{},"fnMap":{},"statementMap":{"1":{"start":{"line":3,"column":0},"end":{"line":9,"column":2}},"2":{"start":{"line":11,"column":0},"end":{"line":13,"column":2}},"3":{"start":{"line":12,"column":2},"end":{"line":12,"column":93}}},"branchMap":{}}}