{"/home/nickpayne/workspace/personal/siha/lib/restify.js":{"path":"/home/nickpayne/workspace/personal/siha/lib/restify.js","s":{"1":1,"2":1,"3":1,"4":1,"5":1,"6":1,"7":1,"8":1,"9":7,"10":234,"11":234,"12":234,"13":7,"14":33,"15":33,"16":5,"17":10,"18":10,"19":10,"20":7,"21":21,"22":21,"23":7,"24":14,"25":0,"26":14,"27":14,"28":21,"29":21,"30":21,"31":1,"32":52,"33":104,"34":1,"35":5,"36":5,"37":5,"38":7,"39":7,"40":1,"41":7,"42":7,"43":7,"44":26,"45":5,"46":5,"47":7,"48":7,"49":0,"50":7,"51":7,"52":7,"53":0,"54":2,"55":7,"56":7,"57":7,"58":26,"59":0,"60":26,"61":26,"62":26,"63":26,"64":7,"65":411,"66":7,"67":12,"68":12,"69":46,"70":46,"71":12,"72":7,"73":1,"74":1,"75":1,"76":7,"77":26,"78":0,"79":26,"80":26,"81":26,"82":1,"83":1,"84":2},"b":{"1":[33,33],"2":[33,33],"3":[7,26],"4":[0,33],"5":[7,14],"6":[0,14],"7":[22,82],"8":[0,7],"9":[7,0],"10":[0,26],"11":[0,26]},"f":{"1":5,"2":7,"3":2,"4":7,"5":12,"6":1},"fnMap":{"1":{"name":"(anonymous_1)","line":91,"loc":{"start":{"line":91,"column":33},"end":{"line":91,"column":45}}},"2":{"name":"(anonymous_2)","line":98,"loc":{"start":{"line":98,"column":33},"end":{"line":98,"column":45}}},"3":{"name":"(anonymous_3)","line":151,"loc":{"start":{"line":151,"column":14},"end":{"line":151,"column":23}}},"4":{"name":"(anonymous_4)","line":156,"loc":{"start":{"line":156,"column":10},"end":{"line":156,"column":27}}},"5":{"name":"(anonymous_5)","line":182,"loc":{"start":{"line":182,"column":30},"end":{"line":182,"column":42}}},"6":{"name":"(anonymous_6)","line":197,"loc":{"start":{"line":197,"column":18},"end":{"line":197,"column":27}}}},"statementMap":{"1":{"start":{"line":5,"column":0},"end":{"line":5,"column":35}},"2":{"start":{"line":6,"column":0},"end":{"line":6,"column":42}},"3":{"start":{"line":7,"column":0},"end":{"line":7,"column":39}},"4":{"start":{"line":8,"column":0},"end":{"line":8,"column":24}},"5":{"start":{"line":9,"column":0},"end":{"line":9,"column":45}},"6":{"start":{"line":11,"column":0},"end":{"line":11,"column":35}},"7":{"start":{"line":12,"column":0},"end":{"line":12,"column":61}},"8":{"start":{"line":14,"column":0},"end":{"line":72,"column":2}},"9":{"start":{"line":16,"column":19},"end":{"line":24,"column":3}},"10":{"start":{"line":17,"column":4},"end":{"line":23,"column":7}},"11":{"start":{"line":18,"column":6},"end":{"line":22,"column":9}},"12":{"start":{"line":19,"column":8},"end":{"line":21,"column":25}},"13":{"start":{"line":26,"column":18},"end":{"line":34,"column":3}},"14":{"start":{"line":27,"column":4},"end":{"line":32,"column":6}},"15":{"start":{"line":33,"column":4},"end":{"line":33,"column":39}},"16":{"start":{"line":36,"column":20},"end":{"line":44,"column":3}},"17":{"start":{"line":37,"column":4},"end":{"line":43,"column":7}},"18":{"start":{"line":38,"column":6},"end":{"line":42,"column":9}},"19":{"start":{"line":39,"column":8},"end":{"line":41,"column":25}},"20":{"start":{"line":46,"column":21},"end":{"line":70,"column":3}},"21":{"start":{"line":48,"column":4},"end":{"line":48,"column":14}},"22":{"start":{"line":49,"column":4},"end":{"line":62,"column":5}},"23":{"start":{"line":51,"column":6},"end":{"line":51,"column":33}},"24":{"start":{"line":53,"column":6},"end":{"line":55,"column":7}},"25":{"start":{"line":54,"column":8},"end":{"line":54,"column":62}},"26":{"start":{"line":57,"column":6},"end":{"line":61,"column":8}},"27":{"start":{"line":59,"column":36},"end":{"line":59,"column":46}},"28":{"start":{"line":63,"column":4},"end":{"line":68,"column":7}},"29":{"start":{"line":64,"column":6},"end":{"line":67,"column":23}},"30":{"start":{"line":66,"column":27},"end":{"line":66,"column":45}},"31":{"start":{"line":74,"column":0},"end":{"line":76,"column":2}},"32":{"start":{"line":74,"column":49},"end":{"line":76,"column":1}},"33":{"start":{"line":75,"column":2},"end":{"line":75,"column":58}},"34":{"start":{"line":78,"column":0},"end":{"line":103,"column":1}},"35":{"start":{"line":91,"column":33},"end":{"line":93,"column":5}},"36":{"start":{"line":92,"column":6},"end":{"line":92,"column":59}},"37":{"start":{"line":94,"column":30},"end":{"line":94,"column":66}},"38":{"start":{"line":98,"column":33},"end":{"line":100,"column":5}},"39":{"start":{"line":99,"column":6},"end":{"line":99,"column":63}},"40":{"start":{"line":105,"column":0},"end":{"line":136,"column":2}},"41":{"start":{"line":107,"column":19},"end":{"line":109,"column":3}},"42":{"start":{"line":108,"column":4},"end":{"line":108,"column":60}},"43":{"start":{"line":111,"column":18},"end":{"line":113,"column":3}},"44":{"start":{"line":112,"column":4},"end":{"line":112,"column":60}},"45":{"start":{"line":115,"column":20},"end":{"line":120,"column":3}},"46":{"start":{"line":116,"column":4},"end":{"line":119,"column":8}},"47":{"start":{"line":122,"column":21},"end":{"line":134,"column":3}},"48":{"start":{"line":123,"column":4},"end":{"line":133,"column":5}},"49":{"start":{"line":124,"column":6},"end":{"line":124,"column":56}},"50":{"start":{"line":127,"column":6},"end":{"line":132,"column":7}},"51":{"start":{"line":128,"column":8},"end":{"line":128,"column":45}},"52":{"start":{"line":129,"column":8},"end":{"line":129,"column":63}},"53":{"start":{"line":131,"column":8},"end":{"line":131,"column":105}},"54":{"start":{"line":152,"column":4},"end":{"line":152,"column":25}},"55":{"start":{"line":158,"column":4},"end":{"line":162,"column":6}},"56":{"start":{"line":164,"column":4},"end":{"line":166,"column":6}},"57":{"start":{"line":169,"column":4},"end":{"line":178,"column":5}},"58":{"start":{"line":170,"column":6},"end":{"line":172,"column":7}},"59":{"start":{"line":171,"column":8},"end":{"line":171,"column":78}},"60":{"start":{"line":173,"column":6},"end":{"line":173,"column":54}},"61":{"start":{"line":174,"column":6},"end":{"line":174,"column":47}},"62":{"start":{"line":175,"column":6},"end":{"line":175,"column":81}},"63":{"start":{"line":177,"column":6},"end":{"line":177,"column":89}},"64":{"start":{"line":179,"column":4},"end":{"line":179,"column":37}},"65":{"start":{"line":179,"column":26},"end":{"line":179,"column":36}},"66":{"start":{"line":182,"column":4},"end":{"line":191,"column":5}},"67":{"start":{"line":183,"column":6},"end":{"line":185,"column":8}},"68":{"start":{"line":186,"column":6},"end":{"line":189,"column":7}},"69":{"start":{"line":187,"column":8},"end":{"line":187,"column":57}},"70":{"start":{"line":188,"column":8},"end":{"line":188,"column":57}},"71":{"start":{"line":190,"column":6},"end":{"line":190,"column":24}},"72":{"start":{"line":193,"column":4},"end":{"line":193,"column":17}},"73":{"start":{"line":198,"column":4},"end":{"line":198,"column":36}},"74":{"start":{"line":199,"column":4},"end":{"line":199,"column":34}},"75":{"start":{"line":200,"column":4},"end":{"line":209,"column":5}},"76":{"start":{"line":201,"column":6},"end":{"line":208,"column":7}},"77":{"start":{"line":202,"column":8},"end":{"line":204,"column":9}},"78":{"start":{"line":203,"column":10},"end":{"line":203,"column":94}},"79":{"start":{"line":205,"column":8},"end":{"line":205,"column":53}},"80":{"start":{"line":206,"column":8},"end":{"line":206,"column":51}},"81":{"start":{"line":207,"column":8},"end":{"line":207,"column":38}},"82":{"start":{"line":210,"column":4},"end":{"line":210,"column":18}},"83":{"start":{"line":215,"column":0},"end":{"line":218,"column":2}},"84":{"start":{"line":217,"column":22},"end":{"line":217,"column":43}}},"branchMap":{"1":{"line":28,"type":"binary-expr","locations":[{"start":{"line":28,"column":14},"end":{"line":28,"column":26}},{"start":{"line":28,"column":30},"end":{"line":28,"column":31}}]},"2":{"line":29,"type":"binary-expr","locations":[{"start":{"line":29,"column":13},"end":{"line":29,"column":24}},{"start":{"line":29,"column":28},"end":{"line":29,"column":30}}]},"3":{"line":30,"type":"cond-expr","locations":[{"start":{"line":30,"column":28},"end":{"line":30,"column":50}},{"start":{"line":30,"column":53},"end":{"line":30,"column":55}}]},"4":{"line":31,"type":"cond-expr","locations":[{"start":{"line":31,"column":26},"end":{"line":31,"column":46}},{"start":{"line":31,"column":49},"end":{"line":31,"column":51}}]},"5":{"line":49,"type":"if","locations":[{"start":{"line":49,"column":4},"end":{"line":49,"column":4}},{"start":{"line":49,"column":4},"end":{"line":49,"column":4}}]},"6":{"line":53,"type":"if","locations":[{"start":{"line":53,"column":6},"end":{"line":53,"column":6}},{"start":{"line":53,"column":6},"end":{"line":53,"column":6}}]},"7":{"line":75,"type":"cond-expr","locations":[{"start":{"line":75,"column":41},"end":{"line":75,"column":52}},{"start":{"line":75,"column":55},"end":{"line":75,"column":57}}]},"8":{"line":123,"type":"if","locations":[{"start":{"line":123,"column":4},"end":{"line":123,"column":4}},{"start":{"line":123,"column":4},"end":{"line":123,"column":4}}]},"9":{"line":127,"type":"if","locations":[{"start":{"line":127,"column":6},"end":{"line":127,"column":6}},{"start":{"line":127,"column":6},"end":{"line":127,"column":6}}]},"10":{"line":170,"type":"if","locations":[{"start":{"line":170,"column":6},"end":{"line":170,"column":6}},{"start":{"line":170,"column":6},"end":{"line":170,"column":6}}]},"11":{"line":202,"type":"if","locations":[{"start":{"line":202,"column":8},"end":{"line":202,"column":8}},{"start":{"line":202,"column":8},"end":{"line":202,"column":8}}]}}},"/home/nickpayne/workspace/personal/siha/lib/db.js":{"path":"/home/nickpayne/workspace/personal/siha/lib/db.js","s":{"1":1,"2":1,"3":1,"4":1,"5":234,"6":1,"7":73,"8":511,"9":0,"10":0,"11":0,"12":0,"13":0,"14":1},"b":{"1":[0,0],"2":[0,0]},"f":{},"fnMap":{},"statementMap":{"1":{"start":{"line":3,"column":0},"end":{"line":3,"column":39}},"2":{"start":{"line":5,"column":0},"end":{"line":5,"column":35}},"3":{"start":{"line":7,"column":0},"end":{"line":21,"column":3}},"4":{"start":{"line":23,"column":0},"end":{"line":25,"column":1}},"5":{"start":{"line":24,"column":2},"end":{"line":24,"column":30}},"6":{"start":{"line":27,"column":0},"end":{"line":43,"column":2}},"7":{"start":{"line":28,"column":2},"end":{"line":42,"column":3}},"8":{"start":{"line":29,"column":4},"end":{"line":41,"column":7}},"9":{"start":{"line":33,"column":6},"end":{"line":36,"column":7}},"10":{"start":{"line":35,"column":8},"end":{"line":35,"column":15}},"11":{"start":{"line":37,"column":6},"end":{"line":37,"column":65}},"12":{"start":{"line":38,"column":6},"end":{"line":40,"column":7}},"13":{"start":{"line":39,"column":8},"end":{"line":39,"column":27}},"14":{"start":{"line":45,"column":0},"end":{"line":49,"column":2}}},"branchMap":{"1":{"line":33,"type":"if","locations":[{"start":{"line":33,"column":6},"end":{"line":33,"column":6}},{"start":{"line":33,"column":6},"end":{"line":33,"column":6}}]},"2":{"line":38,"type":"if","locations":[{"start":{"line":38,"column":6},"end":{"line":38,"column":6}},{"start":{"line":38,"column":6},"end":{"line":38,"column":6}}]}}},"/home/nickpayne/workspace/personal/siha/lib/config.js":{"path":"/home/nickpayne/workspace/personal/siha/lib/config.js","s":{"1":1},"b":{"1":[1,0],"2":[1,0],"3":[1,0]},"f":{},"fnMap":{},"statementMap":{"1":{"start":{"line":3,"column":0},"end":{"line":11,"column":2}}},"branchMap":{"1":{"line":4,"type":"binary-expr","locations":[{"start":{"line":4,"column":12},"end":{"line":4,"column":33}},{"start":{"line":4,"column":37},"end":{"line":4,"column":43}}]},"2":{"line":5,"type":"binary-expr","locations":[{"start":{"line":5,"column":8},"end":{"line":5,"column":29}},{"start":{"line":5,"column":33},"end":{"line":5,"column":37}}]},"3":{"line":6,"type":"binary-expr","locations":[{"start":{"line":6,"column":9},"end":{"line":6,"column":31}},{"start":{"line":6,"column":35},"end":{"line":6,"column":40}}]}}},"/home/nickpayne/workspace/personal/siha/lib/express-utils.js":{"path":"/home/nickpayne/workspace/personal/siha/lib/express-utils.js","s":{"1":1,"2":1,"3":1,"4":0,"5":0,"6":0,"7":0,"8":0,"9":0,"10":1,"11":0,"12":0,"13":0,"14":0,"15":0,"16":1,"17":45,"18":45},"b":{"1":[0,0],"2":[0,0],"3":[0,0],"4":[0,0]},"f":{},"fnMap":{},"statementMap":{"1":{"start":{"line":5,"column":0},"end":{"line":5,"column":35}},"2":{"start":{"line":6,"column":0},"end":{"line":6,"column":52}},"3":{"start":{"line":15,"column":0},"end":{"line":26,"column":2}},"4":{"start":{"line":16,"column":2},"end":{"line":18,"column":3}},"5":{"start":{"line":17,"column":4},"end":{"line":17,"column":21}},"6":{"start":{"line":19,"column":2},"end":{"line":19,"column":93}},"7":{"start":{"line":20,"column":2},"end":{"line":22,"column":3}},"8":{"start":{"line":21,"column":4},"end":{"line":21,"column":32}},"9":{"start":{"line":23,"column":2},"end":{"line":25,"column":5}},"10":{"start":{"line":34,"column":0},"end":{"line":43,"column":1}},"11":{"start":{"line":35,"column":2},"end":{"line":35,"column":83}},"12":{"start":{"line":36,"column":2},"end":{"line":38,"column":3}},"13":{"start":{"line":37,"column":4},"end":{"line":37,"column":32}},"14":{"start":{"line":39,"column":2},"end":{"line":39,"column":21}},"15":{"start":{"line":40,"column":2},"end":{"line":42,"column":5}},"16":{"start":{"line":52,"column":0},"end":{"line":58,"column":2}},"17":{"start":{"line":53,"column":2},"end":{"line":57,"column":17}},"18":{"start":{"line":55,"column":6},"end":{"line":55,"column":23}}},"branchMap":{"1":{"line":16,"type":"if","locations":[{"start":{"line":16,"column":2},"end":{"line":16,"column":2}},{"start":{"line":16,"column":2},"end":{"line":16,"column":2}}]},"2":{"line":20,"type":"if","locations":[{"start":{"line":20,"column":2},"end":{"line":20,"column":2}},{"start":{"line":20,"column":2},"end":{"line":20,"column":2}}]},"3":{"line":23,"type":"binary-expr","locations":[{"start":{"line":23,"column":20},"end":{"line":23,"column":30}},{"start":{"line":23,"column":34},"end":{"line":23,"column":37}}]},"4":{"line":36,"type":"if","locations":[{"start":{"line":36,"column":2},"end":{"line":36,"column":2}},{"start":{"line":36,"column":2},"end":{"line":36,"column":2}}]}}},"/home/nickpayne/workspace/personal/siha/lib/fun.js":{"path":"/home/nickpayne/workspace/personal/siha/lib/fun.js","s":{"1":1,"2":1,"3":0},"b":{},"f":{},"fnMap":{},"statementMap":{"1":{"start":{"line":3,"column":0},"end":{"line":9,"column":2}},"2":{"start":{"line":11,"column":0},"end":{"line":13,"column":2}},"3":{"start":{"line":12,"column":2},"end":{"line":12,"column":93}}},"branchMap":{}},"/home/nickpayne/workspace/personal/siha/lib/model.js":{"path":"/home/nickpayne/workspace/personal/siha/lib/model.js","s":{"1":1,"2":1,"3":1,"4":1,"5":1,"6":1,"7":1,"8":1,"9":1,"10":1,"11":1,"12":1},"b":{},"f":{},"fnMap":{},"statementMap":{"1":{"start":{"line":3,"column":0},"end":{"line":3,"column":35}},"2":{"start":{"line":4,"column":0},"end":{"line":4,"column":39}},"3":{"start":{"line":5,"column":0},"end":{"line":5,"column":38}},"4":{"start":{"line":6,"column":0},"end":{"line":6,"column":35}},"5":{"start":{"line":7,"column":0},"end":{"line":7,"column":62}},"6":{"start":{"line":9,"column":0},"end":{"line":23,"column":2}},"7":{"start":{"line":25,"column":0},"end":{"line":35,"column":2}},"8":{"start":{"line":37,"column":0},"end":{"line":46,"column":2}},"9":{"start":{"line":48,"column":0},"end":{"line":57,"column":2}},"10":{"start":{"line":59,"column":0},"end":{"line":69,"column":2}},"11":{"start":{"line":71,"column":0},"end":{"line":80,"column":2}},"12":{"start":{"line":82,"column":0},"end":{"line":91,"column":2}}},"branchMap":{}},"/home/nickpayne/workspace/personal/siha/lib/app.js":{"path":"/home/nickpayne/workspace/personal/siha/lib/app.js","s":{"1":1,"2":1,"3":1,"4":1,"5":1,"6":1,"7":1,"8":1,"9":0,"10":1,"11":1,"12":1,"13":1,"14":1,"15":1,"16":1,"17":1,"18":0,"19":0,"20":1,"21":0,"22":1},"b":{"1":[0,1],"2":[0,1],"3":[0,1]},"f":{},"fnMap":{},"statementMap":{"1":{"start":{"line":3,"column":0},"end":{"line":3,"column":35}},"2":{"start":{"line":4,"column":0},"end":{"line":4,"column":33}},"3":{"start":{"line":6,"column":0},"end":{"line":6,"column":35}},"4":{"start":{"line":7,"column":0},"end":{"line":7,"column":44}},"5":{"start":{"line":8,"column":0},"end":{"line":8,"column":29}},"6":{"start":{"line":9,"column":0},"end":{"line":9,"column":60}},"7":{"start":{"line":11,"column":0},"end":{"line":11,"column":22}},"8":{"start":{"line":12,"column":0},"end":{"line":14,"column":1}},"9":{"start":{"line":13,"column":2},"end":{"line":13,"column":49}},"10":{"start":{"line":15,"column":0},"end":{"line":15,"column":20}},"11":{"start":{"line":16,"column":0},"end":{"line":16,"column":30}},"12":{"start":{"line":19,"column":0},"end":{"line":19,"column":27}},"13":{"start":{"line":20,"column":0},"end":{"line":20,"column":33}},"14":{"start":{"line":21,"column":0},"end":{"line":36,"column":3}},"15":{"start":{"line":22,"column":2},"end":{"line":35,"column":5}},"16":{"start":{"line":24,"column":4},"end":{"line":34,"column":7}},"17":{"start":{"line":25,"column":6},"end":{"line":28,"column":7}},"18":{"start":{"line":26,"column":8},"end":{"line":26,"column":27}},"19":{"start":{"line":27,"column":8},"end":{"line":27,"column":24}},"20":{"start":{"line":30,"column":6},"end":{"line":32,"column":7}},"21":{"start":{"line":31,"column":8},"end":{"line":31,"column":40}},"22":{"start":{"line":33,"column":6},"end":{"line":33,"column":28}}},"branchMap":{"1":{"line":12,"type":"if","locations":[{"start":{"line":12,"column":0},"end":{"line":12,"column":0}},{"start":{"line":12,"column":0},"end":{"line":12,"column":0}}]},"2":{"line":25,"type":"if","locations":[{"start":{"line":25,"column":6},"end":{"line":25,"column":6}},{"start":{"line":25,"column":6},"end":{"line":25,"column":6}}]},"3":{"line":30,"type":"if","locations":[{"start":{"line":30,"column":6},"end":{"line":30,"column":6}},{"start":{"line":30,"column":6},"end":{"line":30,"column":6}}]}}},"/home/nickpayne/workspace/personal/siha/lib/server-motd.js":{"path":"/home/nickpayne/workspace/personal/siha/lib/server-motd.js","s":{"1":1,"2":1,"3":0,"4":0},"b":{},"f":{},"fnMap":{},"statementMap":{"1":{"start":{"line":3,"column":0},"end":{"line":3,"column":35}},"2":{"start":{"line":5,"column":0},"end":{"line":11,"column":1}},"3":{"start":{"line":6,"column":2},"end":{"line":6,"column":37}},"4":{"start":{"line":7,"column":2},"end":{"line":10,"column":15}}},"branchMap":{}},"/home/nickpayne/workspace/personal/siha/lib/api.js":{"path":"/home/nickpayne/workspace/personal/siha/lib/api.js","s":{"1":1,"2":1,"3":1,"4":1},"b":{},"f":{},"fnMap":{},"statementMap":{"1":{"start":{"line":3,"column":0},"end":{"line":3,"column":33}},"2":{"start":{"line":4,"column":0},"end":{"line":4,"column":35}},"3":{"start":{"line":5,"column":0},"end":{"line":5,"column":62}},"4":{"start":{"line":7,"column":0},"end":{"line":9,"column":1}}},"branchMap":{}}}