TN:
SF:/home/nickpayne/workspace/personal/siha/app.js
FNF:0
FNH:0
DA:3,1
DA:4,1
DA:6,1
DA:7,1
DA:8,1
DA:10,1
DA:11,1
DA:12,1
DA:13,1
DA:14,1
DA:15,1
DA:16,0
DA:17,0
DA:18,0
DA:22,1
LF:15
LH:12
BRDA:15,1,0,0
BRDA:15,1,1,1
BRF:2
BRH:1
end_of_record
TN:
SF:/home/nickpayne/workspace/personal/siha/config.js
FNF:0
FNH:0
DA:3,1
LF:1
LH:1
BRDA:4,1,0,1
BRDA:4,1,1,0
BRDA:5,2,0,1
BRDA:5,2,1,0
BRDA:6,3,0,1
BRDA:6,3,1,0
BRF:6
BRH:3
end_of_record
TN:
SF:/home/nickpayne/workspace/personal/siha/api.js
FNF:0
FNH:0
DA:3,1
DA:5,1
DA:6,1
DA:8,1
DA:12,1
DA:13,7
LF:6
LH:6
BRF:0
BRH:0
end_of_record
TN:
SF:/home/nickpayne/workspace/personal/siha/model.js
FNF:0
FNH:0
DA:3,1
DA:4,1
DA:5,1
DA:7,1
DA:21,1
DA:31,1
DA:40,1
DA:49,1
DA:59,1
DA:68,1
LF:10
LH:10
BRF:0
BRH:0
end_of_record
TN:
SF:/home/nickpayne/workspace/personal/siha/db.js
FNF:0
FNH:0
DA:3,1
DA:5,1
DA:7,1
DA:21,1
DA:22,6
DA:25,1
DA:26,5
DA:27,35
DA:31,7
DA:33,7
DA:35,0
DA:36,0
DA:37,0
DA:43,1
LF:14
LH:11
BRDA:31,1,0,7
BRDA:31,1,1,0
BRDA:36,2,0,0
BRDA:36,2,1,0
BRF:4
BRH:1
end_of_record
TN:
SF:/home/nickpayne/workspace/personal/siha/rest.js
FN:15,(anonymous_1)
FNF:1
FNH:1
FNDA:8,(anonymous_1)
DA:3,1
DA:4,1
DA:5,1
DA:6,1
DA:8,1
DA:9,1
DA:13,1
DA:15,7
DA:17,8
DA:20,6
DA:21,6
DA:22,6
DA:30,1
DA:31,1
DA:32,1
DA:40,1
DA:41,1
DA:43,0
DA:49,0
DA:50,0
DA:52,0
DA:55,0
DA:57,0
DA:61,0
DA:62,0
DA:65,0
DA:75,7
DA:79,1
DA:81,7
DA:82,7
DA:84,7
DA:85,1
DA:88,7
DA:89,0
DA:92,7
DA:93,1
DA:96,7
DA:97,0
DA:98,0
DA:101,0
DA:102,0
DA:103,0
DA:105,0
DA:110,7
LF:44
LH:28
BRDA:40,1,0,1
BRDA:40,1,1,0
BRDA:50,2,0,0
BRDA:50,2,1,0
BRDA:97,3,0,0
BRDA:97,3,1,0
BRDA:101,4,0,0
BRDA:101,4,1,0
BRF:8
BRH:1
end_of_record
TN:
SF:/home/nickpayne/workspace/personal/siha/express-utils.js
FNF:0
FNH:0
DA:3,1
DA:4,1
DA:7,1
DA:8,0
DA:9,0
DA:10,0
DA:11,0
DA:16,1
DA:17,0
DA:18,0
DA:20,0
DA:21,0
DA:22,0
DA:24,0
DA:25,0
DA:31,1
DA:32,0
DA:33,0
DA:34,0
DA:36,0
DA:37,0
DA:43,1
DA:44,2
DA:46,2
LF:24
LH:8
BRDA:8,1,0,0
BRDA:8,1,1,0
BRDA:8,2,0,0
BRDA:8,2,1,0
BRDA:10,3,0,0
BRDA:10,3,1,0
BRDA:10,4,0,0
BRDA:10,4,1,0
BRDA:17,5,0,0
BRDA:17,5,1,0
BRDA:21,6,0,0
BRDA:21,6,1,0
BRDA:25,7,0,0
BRDA:25,7,1,0
BRDA:33,8,0,0
BRDA:33,8,1,0
BRF:16
BRH:0
end_of_record
TN:
SF:/home/nickpayne/workspace/personal/siha/fun.js
FNF:0
FNH:0
DA:3,1
DA:11,1
DA:12,0
LF:3
LH:2
BRF:0
BRH:0
end_of_record
