TN:
SF:/home/anon/workspace/personal/siha/lib/restify.js
FN:117,(anonymous_1)
FN:124,(anonymous_2)
FN:181,(anonymous_3)
FN:186,(anonymous_4)
FN:212,(anonymous_5)
FN:230,(anonymous_6)
FNF:6
FNH:6
FNDA:5,(anonymous_1)
FNDA:7,(anonymous_2)
FNDA:2,(anonymous_3)
FNDA:7,(anonymous_4)
FNDA:12,(anonymous_5)
FNDA:1,(anonymous_6)
DA:5,1
DA:6,1
DA:7,1
DA:8,1
DA:9,1
DA:11,1
DA:12,1
DA:15,1
DA:23,1
DA:25,7
DA:26,234
DA:27,234
DA:28,234
DA:35,7
DA:36,33
DA:42,33
DA:45,5
DA:46,10
DA:47,10
DA:48,0
DA:50,10
DA:51,0
DA:53,10
DA:54,10
DA:55,0
DA:57,10
DA:64,7
DA:66,21
DA:67,21
DA:69,7
DA:71,14
DA:72,0
DA:75,14
DA:77,14
DA:81,21
DA:82,21
DA:84,21
DA:95,52
DA:96,104
DA:104,1
DA:117,5
DA:118,5
DA:120,5
DA:124,7
DA:125,7
DA:135,1
DA:137,7
DA:138,7
DA:141,7
DA:142,26
DA:145,5
DA:146,5
DA:152,7
DA:153,7
DA:154,0
DA:157,7
DA:158,7
DA:159,7
DA:161,0
DA:182,2
DA:188,7
DA:194,7
DA:199,7
DA:200,26
DA:201,0
DA:203,26
DA:204,26
DA:205,26
DA:207,26
DA:209,411
DA:212,7
DA:213,12
DA:216,12
DA:217,46
DA:218,46
DA:220,12
DA:223,7
DA:231,1
DA:232,1
DA:233,1
DA:234,7
DA:235,26
DA:236,0
DA:238,26
DA:239,26
DA:240,26
DA:243,1
DA:248,1
DA:250,2
LF:89
LH:81
BRDA:37,1,0,33
BRDA:37,1,1,33
BRDA:38,2,0,33
BRDA:38,2,1,33
BRDA:39,3,0,7
BRDA:39,3,1,26
BRDA:40,4,0,0
BRDA:40,4,1,33
BRDA:47,5,0,0
BRDA:47,5,1,10
BRDA:50,6,0,0
BRDA:50,6,1,10
BRDA:54,7,0,0
BRDA:54,7,1,10
BRDA:67,8,0,7
BRDA:67,8,1,14
BRDA:71,9,0,0
BRDA:71,9,1,14
BRDA:96,10,0,22
BRDA:96,10,1,82
BRDA:153,11,0,0
BRDA:153,11,1,7
BRDA:157,12,0,7
BRDA:157,12,1,0
BRDA:200,13,0,0
BRDA:200,13,1,26
BRDA:235,14,0,0
BRDA:235,14,1,26
BRF:28
BRH:19
end_of_record
TN:
SF:/home/anon/workspace/personal/siha/lib/db.js
FNF:0
FNH:0
DA:3,1
DA:5,1
DA:7,1
DA:21,1
DA:22,234
DA:25,1
DA:26,73
DA:27,511
DA:31,0
DA:33,0
DA:35,0
DA:36,0
DA:37,0
DA:43,1
LF:14
LH:9
BRDA:31,1,0,0
BRDA:31,1,1,0
BRDA:36,2,0,0
BRDA:36,2,1,0
BRF:4
BRH:0
end_of_record
TN:
SF:/home/anon/workspace/personal/siha/lib/config.js
FNF:0
FNH:0
DA:3,1
LF:1
LH:1
BRDA:4,1,0,1
BRDA:4,1,1,0
BRDA:5,2,0,1
BRDA:5,2,1,0
BRDA:6,3,0,1
BRDA:6,3,1,0
BRF:6
BRH:3
end_of_record
TN:
SF:/home/anon/workspace/personal/siha/lib/express-utils.js
FNF:0
FNH:0
DA:5,1
DA:6,1
DA:15,1
DA:16,0
DA:17,0
DA:19,0
DA:20,0
DA:21,0
DA:23,0
DA:34,1
DA:35,0
DA:36,0
DA:37,0
DA:39,0
DA:40,0
DA:52,1
DA:53,45
DA:55,45
LF:18
LH:7
BRDA:16,1,0,0
BRDA:16,1,1,0
BRDA:20,2,0,0
BRDA:20,2,1,0
BRDA:23,3,0,0
BRDA:23,3,1,0
BRDA:36,4,0,0
BRDA:36,4,1,0
BRF:8
BRH:0
end_of_record
TN:
SF:/home/anon/workspace/personal/siha/lib/fun.js
FNF:0
FNH:0
DA:3,1
DA:11,1
DA:12,0
LF:3
LH:2
BRF:0
BRH:0
end_of_record
TN:
SF:/home/anon/workspace/personal/siha/lib/model.js
FNF:0
FNH:0
DA:3,1
DA:4,1
DA:6,1
DA:7,1
DA:8,1
DA:9,1
DA:11,1
DA:16,1
DA:21,1
DA:26,1
DA:31,1
DA:36,1
DA:41,1
LF:13
LH:13
BRF:0
BRH:0
end_of_record
TN:
SF:/home/anon/workspace/personal/siha/lib/schema.js
FNF:0
FNH:0
DA:1,1
DA:3,1
DA:17,1
DA:27,1
DA:36,1
DA:45,1
DA:55,1
DA:64,1
LF:8
LH:8
BRF:0
BRH:0
end_of_record
TN:
SF:/home/anon/workspace/personal/siha/lib/app.js
FNF:0
FNH:0
DA:3,1
DA:4,1
DA:6,1
DA:7,1
DA:8,1
DA:9,1
DA:11,1
DA:12,1
DA:13,0
DA:15,1
DA:16,1
DA:19,1
DA:20,1
DA:21,1
DA:22,1
DA:24,1
DA:25,1
DA:26,0
DA:27,0
DA:30,1
DA:31,0
DA:33,1
LF:22
LH:18
BRDA:12,1,0,0
BRDA:12,1,1,1
BRDA:25,2,0,0
BRDA:25,2,1,1
BRDA:30,3,0,0
BRDA:30,3,1,1
BRF:6
BRH:3
end_of_record
TN:
SF:/home/anon/workspace/personal/siha/lib/server-motd.js
FNF:0
FNH:0
DA:3,1
DA:5,1
DA:6,0
DA:7,0
LF:4
LH:2
BRF:0
BRH:0
end_of_record
TN:
SF:/home/anon/workspace/personal/siha/lib/api.js
FNF:0
FNH:0
DA:3,1
DA:4,1
DA:5,1
DA:7,1
LF:4
LH:4
BRF:0
BRH:0
end_of_record
